kotlin version: 2.3.20
error message: java.lang.RuntimeException: Exception while generating code for:
FUN LOCAL_FUNCTION_FOR_LAMBDA name:MainNavHost$lambda$0 visibility:private modality:FINAL returnType:kotlin.Unit?
  VALUE_PARAMETER kind:Regular name:$this$NavHost index:0 type:androidx.navigation.NavGraphBuilder
  BLOCK_BODY
    CALL 'public final fun composable$default <T> (<this>: androidx.navigation.NavGraphBuilder, typeMap: kotlin.collections.Map<kotlin.reflect.KType, @[JvmSuppressWildcards(suppress = <null>)] androidx.navigation.NavType<*>>?, deepLinks: kotlin.collections.List<androidx.navigation.NavDeepLink>?, enterTransition: @[ExtensionFunctionType] kotlin.Function1<androidx.compose.animation.AnimatedContentTransitionScope<androidx.navigation.NavBackStackEntry>, @[JvmSuppressWildcards(suppress = <null>)] androidx.compose.animation.EnterTransition?>?, exitTransition: @[ExtensionFunctionType] kotlin.Function1<androidx.compose.animation.AnimatedContentTransitionScope<androidx.navigation.NavBackStackEntry>, @[JvmSuppressWildcards(suppress = <null>)] androidx.compose.animation.ExitTransition?>?, popEnterTransition: @[ExtensionFunctionType] kotlin.Function1<androidx.compose.animation.AnimatedContentTransitionScope<androidx.navigation.NavBackStackEntry>, @[JvmSuppressWildcards(suppress = <null>)] androidx.compose.animation.EnterTransition?>?, popExitTransition: @[ExtensionFunctionType] kotlin.Function1<androidx.compose.animation.AnimatedContentTransitionScope<androidx.navigation.NavBackStackEntry>, @[JvmSuppressWildcards(suppress = <null>)] androidx.compose.animation.ExitTransition?>?, sizeTransform: @[ExtensionFunctionType] kotlin.Function1<androidx.compose.animation.AnimatedContentTransitionScope<androidx.navigation.NavBackStackEntry>, @[JvmSuppressWildcards(suppress = <null>)] androidx.compose.animation.SizeTransform?>?, content: @[Composable] @[ExtensionFunctionType] kotlin.Function2<androidx.compose.animation.AnimatedContentScope, androidx.navigation.NavBackStackEntry, kotlin.Unit>, $mask0: kotlin.Int, $handler: kotlin.Any?): kotlin.Unit [inline] declared in androidx.navigation.compose.NavGraphBuilderKt' type=kotlin.Unit origin=DEFAULT_DISPATCH_CALL
      TYPE_ARG T: com.sanazi.navigation.NavRoutes.AlarmsListRoutes
      ARG <this>: GET_VAR '$this$NavHost: androidx.navigation.NavGraphBuilder declared in com.sanazi.navigation.MainNavHostKt.MainNavHost$lambda$0' type=androidx.navigation.NavGraphBuilder origin=null
      ARG typeMap: COMPOSITE type=kotlin.collections.Map<kotlin.reflect.KType, @[JvmSuppressWildcards(suppress = <null>)] androidx.navigation.NavType<*>>? origin=DEFAULT_VALUE
        CONST Null type=kotlin.collections.Map<kotlin.reflect.KType, @[JvmSuppressWildcards(suppress = <null>)] androidx.navigation.NavType<*>>? value=null
      ARG deepLinks: COMPOSITE type=kotlin.collections.List<androidx.navigation.NavDeepLink>? origin=DEFAULT_VALUE
        CONST Null type=kotlin.collections.List<androidx.navigation.NavDeepLink>? value=null
      ARG enterTransition: COMPOSITE type=@[ExtensionFunctionType] kotlin.Function1<androidx.compose.animation.AnimatedContentTransitionScope<androidx.navigation.NavBackStackEntry>, @[JvmSuppressWildcards(suppress = <null>)] androidx.compose.animation.EnterTransition?>? origin=DEFAULT_VALUE
        CONST Null type=@[ExtensionFunctionType] kotlin.Function1<androidx.compose.animation.AnimatedContentTransitionScope<androidx.navigation.NavBackStackEntry>, @[JvmSuppressWildcards(suppress = <null>)] androidx.compose.animation.EnterTransition?>? value=null
      ARG exitTransition: COMPOSITE type=@[ExtensionFunctionType] kotlin.Function1<androidx.compose.animation.AnimatedContentTransitionScope<androidx.navigation.NavBackStackEntry>, @[JvmSuppressWildcards(suppress = <null>)] androidx.compose.animation.ExitTransition?>? origin=DEFAULT_VALUE
        CONST Null type=@[ExtensionFunctionType] kotlin.Function1<androidx.compose.animation.AnimatedContentTransitionScope<androidx.navigation.NavBackStackEntry>, @[JvmSuppressWildcards(suppress = <null>)] androidx.compose.animation.ExitTransition?>? value=null
      ARG popEnterTransition: COMPOSITE type=@[ExtensionFunctionType] kotlin.Function1<androidx.compose.animation.AnimatedContentTransitionScope<androidx.navigation.NavBackStackEntry>, @[JvmSuppressWildcards(suppress = <null>)] androidx.compose.animation.EnterTransition?>? origin=DEFAULT_VALUE
        CONST Null type=@[ExtensionFunctionType] kotlin.Function1<androidx.compose.animation.AnimatedContentTransitionScope<androidx.navigation.NavBackStackEntry>, @[JvmSuppressWildcards(suppress = <null>)] androidx.compose.animation.EnterTransition?>? value=null
      ARG popExitTransition: COMPOSITE type=@[ExtensionFunctionType] kotlin.Function1<androidx.compose.animation.AnimatedContentTransitionScope<androidx.navigation.NavBackStackEntry>, @[JvmSuppressWildcards(suppress = <null>)] androidx.compose.animation.ExitTransition?>? origin=DEFAULT_VALUE
        CONST Null type=@[ExtensionFunctionType] kotlin.Function1<androidx.compose.animation.AnimatedContentTransitionScope<androidx.navigation.NavBackStackEntry>, @[JvmSuppressWildcards(suppress = <null>)] androidx.compose.animation.ExitTransition?>? value=null
      ARG sizeTransform: COMPOSITE type=@[ExtensionFunctionType] kotlin.Function1<androidx.compose.animation.AnimatedContentTransitionScope<androidx.navigation.NavBackStackEntry>, @[JvmSuppressWildcards(suppress = <null>)] androidx.compose.animation.SizeTransform?>? origin=DEFAULT_VALUE
        CONST Null type=@[ExtensionFunctionType] kotlin.Function1<androidx.compose.animation.AnimatedContentTransitionScope<androidx.navigation.NavBackStackEntry>, @[JvmSuppressWildcards(suppress = <null>)] androidx.compose.animation.SizeTransform?>? value=null
      ARG content: BLOCK type=@[ExtensionFunctionType] kotlin.Function2<androidx.compose.animation.AnimatedContentScope, androidx.navigation.NavBackStackEntry, kotlin.Unit> origin=LAMBDA
        COMPOSITE type=kotlin.Unit origin=null
        CALL 'public final fun <jvm-indy> <T> (dynamicCall: T of kotlin.jvm.internal.<jvm-indy>, bootstrapMethodHandle: kotlin.Any, vararg bootstrapMethodArguments: kotlin.Any): T of kotlin.jvm.internal.<jvm-indy> declared in kotlin.jvm.internal' type=@[ExtensionFunctionType] kotlin.Function2<androidx.compose.animation.AnimatedContentScope, androidx.navigation.NavBackStackEntry, kotlin.Unit> origin=null
          TYPE_ARG T: @[ExtensionFunctionType] kotlin.Function2<androidx.compose.animation.AnimatedContentScope, androidx.navigation.NavBackStackEntry, kotlin.Unit>
          ARG dynamicCall: CALL 'public final fun invoke (): @[ExtensionFunctionType] kotlin.Function2<androidx.compose.animation.AnimatedContentScope, androidx.navigation.NavBackStackEntry, kotlin.Unit> declared in kotlin.jvm.internal.invokeDynamic' type=@[ExtensionFunctionType] kotlin.Function2<androidx.compose.animation.AnimatedContentScope, androidx.navigation.NavBackStackEntry, kotlin.Unit> origin=null
          ARG bootstrapMethodHandle: CALL 'public final fun <jvm-method-handle> (tag: kotlin.Int, owner: kotlin.String, name: kotlin.String, descriptor: kotlin.String, isInterface: kotlin.Boolean): kotlin.Any declared in kotlin.jvm.internal' type=kotlin.Any origin=null
            ARG tag: CONST Int type=kotlin.Int value=6
            ARG owner: CONST String type=kotlin.String value="java/lang/invoke/LambdaMetafactory"
            ARG name: CONST String type=kotlin.String value="metafactory"
            ARG descriptor: CONST String type=kotlin.String value="(Ljava/lang/invoke/MethodHandles$Lookup;Ljava/lang/String;Ljava/lang/invoke/MethodType;Ljava/lang/invoke/MethodType;Ljava/lang/invoke/MethodHandle;Ljava/lang/invoke/MethodType;)Ljava/lang/invoke/CallSite;"
            ARG isInterface: CONST Boolean type=kotlin.Boolean value=false
          ARG bootstrapMethodArguments: VARARG type=kotlin.Array<kotlin.Any> varargElementType=kotlin.Any
            CALL 'public final fun <jvm-original-method-type> (method: kotlin.Any): kotlin.Any declared in kotlin.jvm.internal' type=kotlin.Any origin=null
              ARG method: RAW_FUNCTION_REFERENCE 'public abstract fun invoke (p1: P1 of kotlin.Function2, p2: P2 of kotlin.Function2): R of kotlin.Function2 [operator] declared in kotlin.Function2' type=kotlin.Any
            RAW_FUNCTION_REFERENCE 'private final fun MainNavHost$lambda$0$0 ($this$composable: androidx.compose.animation.AnimatedContentScope, it: androidx.navigation.NavBackStackEntry): kotlin.Unit? declared in com.sanazi.navigation.MainNavHostKt' type=kotlin.Any
            CALL 'public final fun <jvm-original-method-type> (method: kotlin.Any): kotlin.Any declared in kotlin.jvm.internal' type=kotlin.Any origin=null
              ARG method: RAW_FUNCTION_REFERENCE 'public abstract fun invoke (p1: androidx.compose.animation.AnimatedContentScope, p2: androidx.navigation.NavBackStackEntry): kotlin.Unit? [fake_override,operator] declared in kotlin.jvm.internal.invokeDynamic.<fake>' type=kotlin.Any
      ARG $mask0: CONST Int type=kotlin.Int value=127
      ARG $handler: CONST Null type=kotlin.Any? value=null

	at org.jetbrains.kotlin.backend.jvm.codegen.FunctionCodegen.generate(FunctionCodegen.kt:57)
	at org.jetbrains.kotlin.backend.jvm.codegen.FunctionCodegen.generate$default(FunctionCodegen.kt:50)
	at org.jetbrains.kotlin.backend.jvm.codegen.ClassCodegen.generateMethodNode(ClassCodegen.kt:428)
	at org.jetbrains.kotlin.backend.jvm.codegen.ClassCodegen.generateMethod(ClassCodegen.kt:445)
	at org.jetbrains.kotlin.backend.jvm.codegen.ClassCodegen.generate(ClassCodegen.kt:168)
	at org.jetbrains.kotlin.backend.jvm.JvmIrCodegenFactory.generateFile(JvmIrCodegenFactory.kt:467)
	at org.jetbrains.kotlin.backend.jvm.JvmIrCodegenFactory.invokeCodegen(JvmIrCodegenFactory.kt:433)
	at org.jetbrains.kotlin.cli.jvm.compiler.KotlinToJVMBytecodeCompiler.runCodegen$cli(KotlinToJVMBytecodeCompiler.kt:409)
	at org.jetbrains.kotlin.cli.pipeline.jvm.JvmBackendPipelinePhase.executePhase(JvmBackendPipelinePhase.kt:89)
	at org.jetbrains.kotlin.cli.pipeline.jvm.JvmBackendPipelinePhase.executePhase(JvmBackendPipelinePhase.kt:27)
	at org.jetbrains.kotlin.cli.pipeline.PipelinePhase.phaseBody(PipelinePhase.kt:68)
	at org.jetbrains.kotlin.cli.pipeline.PipelinePhase.phaseBody(PipelinePhase.kt:58)
	at org.jetbrains.kotlin.config.phaser.NamedCompilerPhase.invoke(CompilerPhase.kt:102)
	at org.jetbrains.kotlin.backend.common.phaser.CompositePhase.invoke(PhaseBuilders.kt:22)
	at org.jetbrains.kotlin.config.phaser.CompilerPhaseKt.invokeToplevel(CompilerPhase.kt:53)
	at org.jetbrains.kotlin.cli.pipeline.AbstractCliPipeline.runPhasedPipeline(AbstractCliPipeline.kt:109)
	at org.jetbrains.kotlin.cli.pipeline.AbstractCliPipeline.execute(AbstractCliPipeline.kt:68)
	at org.jetbrains.kotlin.cli.jvm.K2JVMCompiler.doExecutePhased(K2JVMCompiler.kt:51)
	at org.jetbrains.kotlin.cli.jvm.K2JVMCompiler.doExecutePhased(K2JVMCompiler.kt:42)
	at org.jetbrains.kotlin.cli.common.CLICompiler.execImpl(CLICompiler.kt:91)
	at org.jetbrains.kotlin.cli.common.CLICompiler.exec(CLICompiler.kt:363)
	at org.jetbrains.kotlin.incremental.IncrementalJvmCompilerRunnerBase.runCompiler(IncrementalJvmCompilerRunnerBase.kt:210)
	at org.jetbrains.kotlin.incremental.IncrementalJvmCompilerRunnerBase.runCompiler(IncrementalJvmCompilerRunnerBase.kt:52)
	at org.jetbrains.kotlin.incremental.IncrementalCompilerRunner.doCompile(IncrementalCompilerRunner.kt:510)
	at org.jetbrains.kotlin.incremental.IncrementalCompilerRunner.compileImpl(IncrementalCompilerRunner.kt:422)
	at org.jetbrains.kotlin.incremental.IncrementalCompilerRunner.compileNonIncrementally(IncrementalCompilerRunner.kt:304)
	at org.jetbrains.kotlin.incremental.IncrementalCompilerRunner.compile(IncrementalCompilerRunner.kt:131)
	at org.jetbrains.kotlin.daemon.CompileServiceImplBase.execIncrementalCompiler(CompileServiceImpl.kt:764)
	at org.jetbrains.kotlin.daemon.CompileServiceImplBase.access$execIncrementalCompiler(CompileServiceImpl.kt:107)
	at org.jetbrains.kotlin.daemon.CompileServiceImpl.compile(CompileServiceImpl.kt:2026)
	at java.base/jdk.internal.reflect.DirectMethodHandleAccessor.invoke(Unknown Source)
	at java.base/java.lang.reflect.Method.invoke(Unknown Source)
	at java.rmi/sun.rmi.server.UnicastServerRef.dispatch(Unknown Source)
	at java.rmi/sun.rmi.transport.Transport$1.run(Unknown Source)
	at java.rmi/sun.rmi.transport.Transport$1.run(Unknown Source)
	at java.base/java.security.AccessController.doPrivileged(Unknown Source)
	at java.rmi/sun.rmi.transport.Transport.serviceCall(Unknown Source)
	at java.rmi/sun.rmi.transport.tcp.TCPTransport.handleMessages(Unknown Source)
	at java.rmi/sun.rmi.transport.tcp.TCPTransport$ConnectionHandler.run0(Unknown Source)
	at java.rmi/sun.rmi.transport.tcp.TCPTransport$ConnectionHandler.lambda$run$0(Unknown Source)
	at java.base/java.security.AccessController.doPrivileged(Unknown Source)
	at java.rmi/sun.rmi.transport.tcp.TCPTransport$ConnectionHandler.run(Unknown Source)
	at java.base/java.util.concurrent.ThreadPoolExecutor.runWorker(Unknown Source)
	at java.base/java.util.concurrent.ThreadPoolExecutor$Worker.run(Unknown Source)
	at java.base/java.lang.Thread.run(Unknown Source)
Caused by: org.jetbrains.kotlin.codegen.CompilationException: Back-end (JVM) Internal error: Couldn't inline method call: CALL 'public final fun composable$default <T> (<this>: androidx.navigation.NavGraphBuilder, typeMap: kotlin.collections.Map<kotlin.reflect.KType, @[JvmSuppressWildcards(suppress = <null>)] androidx.navigation.NavType<*>>?, deepLinks: kotlin.collections.List<androidx.navigation.NavDeepLink>?, enterTransition: @[ExtensionFunctionType] kotlin.Function1<androidx.compose.animation.AnimatedContentTransitionScope<androidx.navigation.NavBackStackEntry>, @[JvmSuppressWildcards(suppress = <null>)] androidx.compose.animation.EnterTransition?>?, exitTransition: @[ExtensionFunctionType] kotlin.Function1<androidx.compose.animation.AnimatedContentTransitionScope<androidx.navigation.NavBackStackEntry>, @[JvmSuppressWildcards(suppress = <null>)] androidx.compose.animation.ExitTransition?>?, popEnterTransition: @[ExtensionFunctionType] kotlin.Function1<androidx.compose.animation.AnimatedContentTransitionScope<androidx.navigation.NavBackStackEntry>, @[JvmSuppressWildcards(suppress = <null>)] androidx.compose.animation.EnterTransition?>?, popExitTransition: @[ExtensionFunctionType] kotlin.Function1<androidx.compose.animation.AnimatedContentTransitionScope<androidx.navigation.NavBackStackEntry>, @[JvmSuppressWildcards(suppress = <null>)] androidx.compose.animation.ExitTransition?>?, sizeTransform: @[ExtensionFunctionType] kotlin.Function1<androidx.compose.animation.AnimatedContentTransitionScope<androidx.navigation.NavBackStackEntry>, @[JvmSuppressWildcards(suppress = <null>)] androidx.compose.animation.SizeTransform?>?, content: @[Composable] @[ExtensionFunctionType] kotlin.Function2<androidx.compose.animation.AnimatedContentScope, androidx.navigation.NavBackStackEntry, kotlin.Unit>, $mask0: kotlin.Int, $handler: kotlin.Any?): kotlin.Unit [inline] declared in androidx.navigation.compose.NavGraphBuilderKt' type=kotlin.Unit origin=DEFAULT_DISPATCH_CALL
Method: null
File is unknown
The root cause java.lang.IllegalStateException was thrown at: org.jetbrains.kotlin.codegen.inline.SourceCompilerForInlineKt.getMethodNode(SourceCompilerForInline.kt:129)
	at org.jetbrains.kotlin.backend.jvm.codegen.IrInlineCodegen.genInlineCall(IrInlineCodegen.kt:81)
	at org.jetbrains.kotlin.backend.jvm.codegen.IrInlineCallGenerator.genCall(IrInlineCallGenerator.kt:36)
	at org.jetbrains.kotlin.backend.jvm.codegen.ExpressionCodegen.visitCall(ExpressionCodegen.kt:562)
	at org.jetbrains.kotlin.backend.jvm.codegen.ExpressionCodegen.visitCall(ExpressionCodegen.kt:140)
	at org.jetbrains.kotlin.ir.expressions.IrCall.accept(IrCall.kt:24)
	at org.jetbrains.kotlin.backend.jvm.codegen.ExpressionCodegen.visitStatementContainer(ExpressionCodegen.kt:491)
	at org.jetbrains.kotlin.backend.jvm.codegen.ExpressionCodegen.visitBlockBody(ExpressionCodegen.kt:496)
	at org.jetbrains.kotlin.backend.jvm.codegen.ExpressionCodegen.visitBlockBody(ExpressionCodegen.kt:140)
	at org.jetbrains.kotlin.ir.expressions.IrBlockBody.accept(IrBlockBody.kt:20)
	at org.jetbrains.kotlin.backend.jvm.codegen.ExpressionCodegen.generate(ExpressionCodegen.kt:233)
	at org.jetbrains.kotlin.backend.jvm.codegen.FunctionCodegen.doGenerate(FunctionCodegen.kt:135)
	at org.jetbrains.kotlin.backend.jvm.codegen.FunctionCodegen.generate(FunctionCodegen.kt:54)
	... 44 more
Caused by: java.lang.IllegalStateException: couldn't find inline method Landroidx/navigation/compose/NavGraphBuilderKt;.composable$default(Landroidx/navigation/NavGraphBuilder;Ljava/util/Map;Ljava/util/List;Lkotlin/jvm/functions/Function1;Lkotlin/jvm/functions/Function1;Lkotlin/jvm/functions/Function1;Lkotlin/jvm/functions/Function1;Lkotlin/jvm/functions/Function1;Lkotlin/jvm/functions/Function2;ILjava/lang/Object;)V
	at org.jetbrains.kotlin.codegen.inline.SourceCompilerForInlineKt.getMethodNode(SourceCompilerForInline.kt:129)
	at org.jetbrains.kotlin.codegen.inline.SourceCompilerForInlineKt.loadCompiledInlineFunction$lambda$0(SourceCompilerForInline.kt:98)
	at org.jetbrains.kotlin.codegen.inline.InlineCache.computeMethodBytes(InlineCache.kt:90)
	at org.jetbrains.kotlin.codegen.inline.SourceCompilerForInlineKt.loadCompiledInlineFunction(SourceCompilerForInline.kt:93)
	at org.jetbrains.kotlin.backend.jvm.codegen.IrSourceCompilerForInline.compileInlineFunction(IrSourceCompilerForInline.kt:96)
	at org.jetbrains.kotlin.backend.jvm.codegen.IrInlineCodegen.genInlineCall(IrInlineCodegen.kt:64)
	... 55 more


error message: java.lang.RuntimeException: Exception while generating code for:
FUN LOCAL_FUNCTION_FOR_LAMBDA name:MainNavHost$lambda$0 visibility:private modality:FINAL returnType:kotlin.Unit?
  VALUE_PARAMETER kind:Regular name:$this$NavHost index:0 type:androidx.navigation.NavGraphBuilder
  BLOCK_BODY
    CALL 'public final fun composable$default <T> (<this>: androidx.navigation.NavGraphBuilder, typeMap: kotlin.collections.Map<kotlin.reflect.KType, @[JvmSuppressWildcards(suppress = <null>)] androidx.navigation.NavType<*>>?, deepLinks: kotlin.collections.List<androidx.navigation.NavDeepLink>?, enterTransition: @[ExtensionFunctionType] kotlin.Function1<androidx.compose.animation.AnimatedContentTransitionScope<androidx.navigation.NavBackStackEntry>, @[JvmSuppressWildcards(suppress = <null>)] androidx.compose.animation.EnterTransition?>?, exitTransition: @[ExtensionFunctionType] kotlin.Function1<androidx.compose.animation.AnimatedContentTransitionScope<androidx.navigation.NavBackStackEntry>, @[JvmSuppressWildcards(suppress = <null>)] androidx.compose.animation.ExitTransition?>?, popEnterTransition: @[ExtensionFunctionType] kotlin.Function1<androidx.compose.animation.AnimatedContentTransitionScope<androidx.navigation.NavBackStackEntry>, @[JvmSuppressWildcards(suppress = <null>)] androidx.compose.animation.EnterTransition?>?, popExitTransition: @[ExtensionFunctionType] kotlin.Function1<androidx.compose.animation.AnimatedContentTransitionScope<androidx.navigation.NavBackStackEntry>, @[JvmSuppressWildcards(suppress = <null>)] androidx.compose.animation.ExitTransition?>?, sizeTransform: @[ExtensionFunctionType] kotlin.Function1<androidx.compose.animation.AnimatedContentTransitionScope<androidx.navigation.NavBackStackEntry>, @[JvmSuppressWildcards(suppress = <null>)] androidx.compose.animation.SizeTransform?>?, content: @[Composable] @[ExtensionFunctionType] kotlin.Function2<androidx.compose.animation.AnimatedContentScope, androidx.navigation.NavBackStackEntry, kotlin.Unit>, $mask0: kotlin.Int, $handler: kotlin.Any?): kotlin.Unit [inline] declared in androidx.navigation.compose.NavGraphBuilderKt' type=kotlin.Unit origin=DEFAULT_DISPATCH_CALL
      TYPE_ARG T: com.sanazi.navigation.NavRoutes.AlarmsListRoutes
      ARG <this>: GET_VAR '$this$NavHost: androidx.navigation.NavGraphBuilder declared in com.sanazi.navigation.MainNavHostKt.MainNavHost$lambda$0' type=androidx.navigation.NavGraphBuilder origin=null
      ARG typeMap: COMPOSITE type=kotlin.collections.Map<kotlin.reflect.KType, @[JvmSuppressWildcards(suppress = <null>)] androidx.navigation.NavType<*>>? origin=DEFAULT_VALUE
        CONST Null type=kotlin.collections.Map<kotlin.reflect.KType, @[JvmSuppressWildcards(suppress = <null>)] androidx.navigation.NavType<*>>? value=null
      ARG deepLinks: COMPOSITE type=kotlin.collections.List<androidx.navigation.NavDeepLink>? origin=DEFAULT_VALUE
        CONST Null type=kotlin.collections.List<androidx.navigation.NavDeepLink>? value=null
      ARG enterTransition: COMPOSITE type=@[ExtensionFunctionType] kotlin.Function1<androidx.compose.animation.AnimatedContentTransitionScope<androidx.navigation.NavBackStackEntry>, @[JvmSuppressWildcards(suppress = <null>)] androidx.compose.animation.EnterTransition?>? origin=DEFAULT_VALUE
        CONST Null type=@[ExtensionFunctionType] kotlin.Function1<androidx.compose.animation.AnimatedContentTransitionScope<androidx.navigation.NavBackStackEntry>, @[JvmSuppressWildcards(suppress = <null>)] androidx.compose.animation.EnterTransition?>? value=null
      ARG exitTransition: COMPOSITE type=@[ExtensionFunctionType] kotlin.Function1<androidx.compose.animation.AnimatedContentTransitionScope<androidx.navigation.NavBackStackEntry>, @[JvmSuppressWildcards(suppress = <null>)] androidx.compose.animation.ExitTransition?>? origin=DEFAULT_VALUE
        CONST Null type=@[ExtensionFunctionType] kotlin.Function1<androidx.compose.animation.AnimatedContentTransitionScope<androidx.navigation.NavBackStackEntry>, @[JvmSuppressWildcards(suppress = <null>)] androidx.compose.animation.ExitTransition?>? value=null
      ARG popEnterTransition: COMPOSITE type=@[ExtensionFunctionType] kotlin.Function1<androidx.compose.animation.AnimatedContentTransitionScope<androidx.navigation.NavBackStackEntry>, @[JvmSuppressWildcards(suppress = <null>)] androidx.compose.animation.EnterTransition?>? origin=DEFAULT_VALUE
        CONST Null type=@[ExtensionFunctionType] kotlin.Function1<androidx.compose.animation.AnimatedContentTransitionScope<androidx.navigation.NavBackStackEntry>, @[JvmSuppressWildcards(suppress = <null>)] androidx.compose.animation.EnterTransition?>? value=null
      ARG popExitTransition: COMPOSITE type=@[ExtensionFunctionType] kotlin.Function1<androidx.compose.animation.AnimatedContentTransitionScope<androidx.navigation.NavBackStackEntry>, @[JvmSuppressWildcards(suppress = <null>)] androidx.compose.animation.ExitTransition?>? origin=DEFAULT_VALUE
        CONST Null type=@[ExtensionFunctionType] kotlin.Function1<androidx.compose.animation.AnimatedContentTransitionScope<androidx.navigation.NavBackStackEntry>, @[JvmSuppressWildcards(suppress = <null>)] androidx.compose.animation.ExitTransition?>? value=null
      ARG sizeTransform: COMPOSITE type=@[ExtensionFunctionType] kotlin.Function1<androidx.compose.animation.AnimatedContentTransitionScope<androidx.navigation.NavBackStackEntry>, @[JvmSuppressWildcards(suppress = <null>)] androidx.compose.animation.SizeTransform?>? origin=DEFAULT_VALUE
        CONST Null type=@[ExtensionFunctionType] kotlin.Function1<androidx.compose.animation.AnimatedContentTransitionScope<androidx.navigation.NavBackStackEntry>, @[JvmSuppressWildcards(suppress = <null>)] androidx.compose.animation.SizeTransform?>? value=null
      ARG content: BLOCK type=@[ExtensionFunctionType] kotlin.Function2<androidx.compose.animation.AnimatedContentScope, androidx.navigation.NavBackStackEntry, kotlin.Unit> origin=LAMBDA
        COMPOSITE type=kotlin.Unit origin=null
        CALL 'public final fun <jvm-indy> <T> (dynamicCall: T of kotlin.jvm.internal.<jvm-indy>, bootstrapMethodHandle: kotlin.Any, vararg bootstrapMethodArguments: kotlin.Any): T of kotlin.jvm.internal.<jvm-indy> declared in kotlin.jvm.internal' type=@[ExtensionFunctionType] kotlin.Function2<androidx.compose.animation.AnimatedContentScope, androidx.navigation.NavBackStackEntry, kotlin.Unit> origin=null
          TYPE_ARG T: @[ExtensionFunctionType] kotlin.Function2<androidx.compose.animation.AnimatedContentScope, androidx.navigation.NavBackStackEntry, kotlin.Unit>
          ARG dynamicCall: CALL 'public final fun invoke (): @[ExtensionFunctionType] kotlin.Function2<androidx.compose.animation.AnimatedContentScope, androidx.navigation.NavBackStackEntry, kotlin.Unit> declared in kotlin.jvm.internal.invokeDynamic' type=@[ExtensionFunctionType] kotlin.Function2<androidx.compose.animation.AnimatedContentScope, androidx.navigation.NavBackStackEntry, kotlin.Unit> origin=null
          ARG bootstrapMethodHandle: CALL 'public final fun <jvm-method-handle> (tag: kotlin.Int, owner: kotlin.String, name: kotlin.String, descriptor: kotlin.String, isInterface: kotlin.Boolean): kotlin.Any declared in kotlin.jvm.internal' type=kotlin.Any origin=null
            ARG tag: CONST Int type=kotlin.Int value=6
            ARG owner: CONST String type=kotlin.String value="java/lang/invoke/LambdaMetafactory"
            ARG name: CONST String type=kotlin.String value="metafactory"
            ARG descriptor: CONST String type=kotlin.String value="(Ljava/lang/invoke/MethodHandles$Lookup;Ljava/lang/String;Ljava/lang/invoke/MethodType;Ljava/lang/invoke/MethodType;Ljava/lang/invoke/MethodHandle;Ljava/lang/invoke/MethodType;)Ljava/lang/invoke/CallSite;"
            ARG isInterface: CONST Boolean type=kotlin.Boolean value=false
          ARG bootstrapMethodArguments: VARARG type=kotlin.Array<kotlin.Any> varargElementType=kotlin.Any
            CALL 'public final fun <jvm-original-method-type> (method: kotlin.Any): kotlin.Any declared in kotlin.jvm.internal' type=kotlin.Any origin=null
              ARG method: RAW_FUNCTION_REFERENCE 'public abstract fun invoke (p1: P1 of kotlin.Function2, p2: P2 of kotlin.Function2): R of kotlin.Function2 [operator] declared in kotlin.Function2' type=kotlin.Any
            RAW_FUNCTION_REFERENCE 'private final fun MainNavHost$lambda$0$0 ($this$composable: androidx.compose.animation.AnimatedContentScope, it: androidx.navigation.NavBackStackEntry): kotlin.Unit? declared in com.sanazi.navigation.MainNavHostKt' type=kotlin.Any
            CALL 'public final fun <jvm-original-method-type> (method: kotlin.Any): kotlin.Any declared in kotlin.jvm.internal' type=kotlin.Any origin=null
              ARG method: RAW_FUNCTION_REFERENCE 'public abstract fun invoke (p1: androidx.compose.animation.AnimatedContentScope, p2: androidx.navigation.NavBackStackEntry): kotlin.Unit? [fake_override,operator] declared in kotlin.jvm.internal.invokeDynamic.<fake>' type=kotlin.Any
      ARG $mask0: CONST Int type=kotlin.Int value=127
      ARG $handler: CONST Null type=kotlin.Any? value=null

	at org.jetbrains.kotlin.backend.jvm.codegen.FunctionCodegen.generate(FunctionCodegen.kt:57)
	at org.jetbrains.kotlin.backend.jvm.codegen.FunctionCodegen.generate$default(FunctionCodegen.kt:50)
	at org.jetbrains.kotlin.backend.jvm.codegen.ClassCodegen.generateMethodNode(ClassCodegen.kt:428)
	at org.jetbrains.kotlin.backend.jvm.codegen.ClassCodegen.generateMethod(ClassCodegen.kt:445)
	at org.jetbrains.kotlin.backend.jvm.codegen.ClassCodegen.generate(ClassCodegen.kt:168)
	at org.jetbrains.kotlin.backend.jvm.JvmIrCodegenFactory.generateFile(JvmIrCodegenFactory.kt:467)
	at org.jetbrains.kotlin.backend.jvm.JvmIrCodegenFactory.invokeCodegen(JvmIrCodegenFactory.kt:433)
	at org.jetbrains.kotlin.cli.jvm.compiler.KotlinToJVMBytecodeCompiler.runCodegen$cli(KotlinToJVMBytecodeCompiler.kt:409)
	at org.jetbrains.kotlin.cli.pipeline.jvm.JvmBackendPipelinePhase.executePhase(JvmBackendPipelinePhase.kt:89)
	at org.jetbrains.kotlin.cli.pipeline.jvm.JvmBackendPipelinePhase.executePhase(JvmBackendPipelinePhase.kt:27)
	at org.jetbrains.kotlin.cli.pipeline.PipelinePhase.phaseBody(PipelinePhase.kt:68)
	at org.jetbrains.kotlin.cli.pipeline.PipelinePhase.phaseBody(PipelinePhase.kt:58)
	at org.jetbrains.kotlin.config.phaser.NamedCompilerPhase.invoke(CompilerPhase.kt:102)
	at org.jetbrains.kotlin.backend.common.phaser.CompositePhase.invoke(PhaseBuilders.kt:22)
	at org.jetbrains.kotlin.config.phaser.CompilerPhaseKt.invokeToplevel(CompilerPhase.kt:53)
	at org.jetbrains.kotlin.cli.pipeline.AbstractCliPipeline.runPhasedPipeline(AbstractCliPipeline.kt:109)
	at org.jetbrains.kotlin.cli.pipeline.AbstractCliPipeline.execute(AbstractCliPipeline.kt:68)
	at org.jetbrains.kotlin.cli.jvm.K2JVMCompiler.doExecutePhased(K2JVMCompiler.kt:51)
	at org.jetbrains.kotlin.cli.jvm.K2JVMCompiler.doExecutePhased(K2JVMCompiler.kt:42)
	at org.jetbrains.kotlin.cli.common.CLICompiler.execImpl(CLICompiler.kt:91)
	at org.jetbrains.kotlin.cli.common.CLICompiler.exec(CLICompiler.kt:363)
	at org.jetbrains.kotlin.incremental.IncrementalJvmCompilerRunnerBase.runCompiler(IncrementalJvmCompilerRunnerBase.kt:210)
	at org.jetbrains.kotlin.incremental.IncrementalJvmCompilerRunnerBase.runCompiler(IncrementalJvmCompilerRunnerBase.kt:52)
	at org.jetbrains.kotlin.incremental.IncrementalCompilerRunner.doCompile(IncrementalCompilerRunner.kt:510)
	at org.jetbrains.kotlin.incremental.IncrementalCompilerRunner.compileImpl(IncrementalCompilerRunner.kt:422)
	at org.jetbrains.kotlin.incremental.IncrementalCompilerRunner.compileNonIncrementally(IncrementalCompilerRunner.kt:304)
	at org.jetbrains.kotlin.incremental.IncrementalCompilerRunner.compile(IncrementalCompilerRunner.kt:131)
	at org.jetbrains.kotlin.buildtools.internal.jvm.operations.JvmCompilationOperationImpl.compileInProcess(JvmCompilationOperationImpl.kt:423)
	at org.jetbrains.kotlin.buildtools.internal.jvm.operations.JvmCompilationOperationImpl.compileInProcess(JvmCompilationOperationImpl.kt:337)
	at org.jetbrains.kotlin.buildtools.internal.jvm.operations.JvmCompilationOperationImpl.executeCancellableImpl(JvmCompilationOperationImpl.kt:149)
	at org.jetbrains.kotlin.buildtools.internal.jvm.operations.JvmCompilationOperationImpl.executeCancellableImpl(JvmCompilationOperationImpl.kt:69)
	at org.jetbrains.kotlin.buildtools.internal.CancellableBuildOperationImpl.executeImpl(CancellableBuildOperationImpl.kt:58)
	at org.jetbrains.kotlin.buildtools.internal.BuildOperationImpl.execute(BuildOperationImpl.kt:34)
	at org.jetbrains.kotlin.buildtools.internal.KotlinToolchainsImpl$BuildSessionImpl.executeOperation$lambda$1(KotlinToolchainsImpl.kt:70)
	at java.base/java.util.concurrent.FutureTask.run(Unknown Source)
	at java.base/java.util.concurrent.ThreadPoolExecutor.runWorker(Unknown Source)
	at java.base/java.util.concurrent.ThreadPoolExecutor$Worker.run(Unknown Source)
	at java.base/java.lang.Thread.run(Unknown Source)
Caused by: org.jetbrains.kotlin.codegen.CompilationException: Back-end (JVM) Internal error: Couldn't inline method call: CALL 'public final fun composable$default <T> (<this>: androidx.navigation.NavGraphBuilder, typeMap: kotlin.collections.Map<kotlin.reflect.KType, @[JvmSuppressWildcards(suppress = <null>)] androidx.navigation.NavType<*>>?, deepLinks: kotlin.collections.List<androidx.navigation.NavDeepLink>?, enterTransition: @[ExtensionFunctionType] kotlin.Function1<androidx.compose.animation.AnimatedContentTransitionScope<androidx.navigation.NavBackStackEntry>, @[JvmSuppressWildcards(suppress = <null>)] androidx.compose.animation.EnterTransition?>?, exitTransition: @[ExtensionFunctionType] kotlin.Function1<androidx.compose.animation.AnimatedContentTransitionScope<androidx.navigation.NavBackStackEntry>, @[JvmSuppressWildcards(suppress = <null>)] androidx.compose.animation.ExitTransition?>?, popEnterTransition: @[ExtensionFunctionType] kotlin.Function1<androidx.compose.animation.AnimatedContentTransitionScope<androidx.navigation.NavBackStackEntry>, @[JvmSuppressWildcards(suppress = <null>)] androidx.compose.animation.EnterTransition?>?, popExitTransition: @[ExtensionFunctionType] kotlin.Function1<androidx.compose.animation.AnimatedContentTransitionScope<androidx.navigation.NavBackStackEntry>, @[JvmSuppressWildcards(suppress = <null>)] androidx.compose.animation.ExitTransition?>?, sizeTransform: @[ExtensionFunctionType] kotlin.Function1<androidx.compose.animation.AnimatedContentTransitionScope<androidx.navigation.NavBackStackEntry>, @[JvmSuppressWildcards(suppress = <null>)] androidx.compose.animation.SizeTransform?>?, content: @[Composable] @[ExtensionFunctionType] kotlin.Function2<androidx.compose.animation.AnimatedContentScope, androidx.navigation.NavBackStackEntry, kotlin.Unit>, $mask0: kotlin.Int, $handler: kotlin.Any?): kotlin.Unit [inline] declared in androidx.navigation.compose.NavGraphBuilderKt' type=kotlin.Unit origin=DEFAULT_DISPATCH_CALL
Method: null
File is unknown
The root cause java.lang.IllegalStateException was thrown at: org.jetbrains.kotlin.codegen.inline.SourceCompilerForInlineKt.getMethodNode(SourceCompilerForInline.kt:129)
	at org.jetbrains.kotlin.backend.jvm.codegen.IrInlineCodegen.genInlineCall(IrInlineCodegen.kt:81)
	at org.jetbrains.kotlin.backend.jvm.codegen.IrInlineCallGenerator.genCall(IrInlineCallGenerator.kt:36)
	at org.jetbrains.kotlin.backend.jvm.codegen.ExpressionCodegen.visitCall(ExpressionCodegen.kt:562)
	at org.jetbrains.kotlin.backend.jvm.codegen.ExpressionCodegen.visitCall(ExpressionCodegen.kt:140)
	at org.jetbrains.kotlin.ir.expressions.IrCall.accept(IrCall.kt:24)
	at org.jetbrains.kotlin.backend.jvm.codegen.ExpressionCodegen.visitStatementContainer(ExpressionCodegen.kt:491)
	at org.jetbrains.kotlin.backend.jvm.codegen.ExpressionCodegen.visitBlockBody(ExpressionCodegen.kt:496)
	at org.jetbrains.kotlin.backend.jvm.codegen.ExpressionCodegen.visitBlockBody(ExpressionCodegen.kt:140)
	at org.jetbrains.kotlin.ir.expressions.IrBlockBody.accept(IrBlockBody.kt:20)
	at org.jetbrains.kotlin.backend.jvm.codegen.ExpressionCodegen.generate(ExpressionCodegen.kt:233)
	at org.jetbrains.kotlin.backend.jvm.codegen.FunctionCodegen.doGenerate(FunctionCodegen.kt:135)
	at org.jetbrains.kotlin.backend.jvm.codegen.FunctionCodegen.generate(FunctionCodegen.kt:54)
	... 37 more
Caused by: java.lang.IllegalStateException: couldn't find inline method Landroidx/navigation/compose/NavGraphBuilderKt;.composable$default(Landroidx/navigation/NavGraphBuilder;Ljava/util/Map;Ljava/util/List;Lkotlin/jvm/functions/Function1;Lkotlin/jvm/functions/Function1;Lkotlin/jvm/functions/Function1;Lkotlin/jvm/functions/Function1;Lkotlin/jvm/functions/Function1;Lkotlin/jvm/functions/Function2;ILjava/lang/Object;)V
	at org.jetbrains.kotlin.codegen.inline.SourceCompilerForInlineKt.getMethodNode(SourceCompilerForInline.kt:129)
	at org.jetbrains.kotlin.codegen.inline.SourceCompilerForInlineKt.loadCompiledInlineFunction$lambda$0(SourceCompilerForInline.kt:98)
	at org.jetbrains.kotlin.codegen.inline.InlineCache.computeMethodBytes(InlineCache.kt:90)
	at org.jetbrains.kotlin.codegen.inline.SourceCompilerForInlineKt.loadCompiledInlineFunction(SourceCompilerForInline.kt:93)
	at org.jetbrains.kotlin.backend.jvm.codegen.IrSourceCompilerForInline.compileInlineFunction(IrSourceCompilerForInline.kt:96)
	at org.jetbrains.kotlin.backend.jvm.codegen.IrInlineCodegen.genInlineCall(IrInlineCodegen.kt:64)
	... 48 more


